Using pre-set license
Built from '2020.3/staging' branch; Version is '2020.3.9f1 (108be757e447) revision 1084391'; Using compiler version '192528614'; Build Type 'Release'
OS: 'Windows 10 Home; OS build 19041.985; Version 2004; 64bit' Language: 'en' Physical Memory: 8029 MB
BatchMode: 1, IsHumanControllingUs: 0, StartBugReporterOnCrash: 0, Is64bit: 1, IsPro: 0

 COMMAND LINE ARGUMENTS:
C:\Program Files\Unity\Hub\Editor\2020.3.9f1\Editor\Unity.exe
-adb2
-batchMode
-noUpm
-name
AssetImportWorker2
-projectPath
C:/Users/contr/Documents/G/Dev/Unity/AoG_Projects/Game_Jams/GameJam-Sandwich
-logFile
Logs/AssetImportWorker2.log
-srvPort
54129
Successfully changed project path to: C:/Users/contr/Documents/G/Dev/Unity/AoG_Projects/Game_Jams/GameJam-Sandwich
C:/Users/contr/Documents/G/Dev/Unity/AoG_Projects/Game_Jams/GameJam-Sandwich
Using Asset Import Pipeline V2.
Refreshing native plugins compatible for Editor in 41.58 ms, found 0 plugins.
Preloading 0 native plugins for Editor in 0.00 ms.
Initialize engine version: 2020.3.9f1 (108be757e447)
[Subsystems] Discovering subsystems at path C:/Program Files/Unity/Hub/Editor/2020.3.9f1/Editor/Data/Resources/UnitySubsystems
[Subsystems] Discovering subsystems at path C:/Users/contr/Documents/G/Dev/Unity/AoG_Projects/Game_Jams/GameJam-Sandwich/Assets
GfxDevice: creating device client; threaded=0
Direct3D:
    Version:  Direct3D 11.0 [level 11.1]
    Renderer: NVIDIA GeForce GTX 1650 (ID=0x1f91)
    Vendor:   
    VRAM:     3962 MB
    Driver:   27.21.14.5167
Initialize mono
Mono path[0] = 'C:/Program Files/Unity/Hub/Editor/2020.3.9f1/Editor/Data/Managed'
Mono path[1] = 'C:/Program Files/Unity/Hub/Editor/2020.3.9f1/Editor/Data/MonoBleedingEdge/lib/mono/unityjit'
Mono config path = 'C:/Program Files/Unity/Hub/Editor/2020.3.9f1/Editor/Data/MonoBleedingEdge/etc'
Using monoOptions --debugger-agent=transport=dt_socket,embedding=1,server=y,suspend=n,address=127.0.0.1:56516
Begin MonoManager ReloadAssembly
Registering precompiled unity dll's ...
Register platform support module: C:/Program Files/Unity/Hub/Editor/2020.3.9f1/Editor/Data/PlaybackEngines/WindowsStandaloneSupport/UnityEditor.WindowsStandalone.Extensions.dll
Registered in 0.004056 seconds.
Native extension for WindowsStandalone target not found
Refreshing native plugins compatible for Editor in 60.90 ms, found 0 plugins.
Preloading 0 native plugins for Editor in 0.00 ms.
Mono: successfully reloaded assembly
- Completed reload, in  5.169 seconds
Platform modules already initialized, skipping
Registering precompiled user dll's ...
Registered in 0.001365 seconds.
Begin MonoManager ReloadAssembly
Native extension for WindowsStandalone target not found
Refreshing native plugins compatible for Editor in 0.60 ms, found 0 plugins.
Preloading 0 native plugins for Editor in 0.00 ms.
Mono: successfully reloaded assembly
- Completed reload, in  2.122 seconds
Platform modules already initialized, skipping
========================================================================
Worker process is ready to serve import requests
Launched and connected shader compiler UnityShaderCompiler.exe after 0.19 seconds
Refreshing native plugins compatible for Editor in 0.33 ms, found 0 plugins.
Preloading 0 native plugins for Editor in 0.00 ms.
Unloading 1115 Unused Serialized files (Serialized files now loaded: 0)
System memory in use before: 57.5 MB.
System memory in use after: 57.5 MB.

Unloading 10 unused Assets to reduce memory usage. Loaded Objects now: 1557.
Total: 3.002100 ms (FindLiveObjects: 0.214300 ms CreateObjectMapping: 0.064900 ms MarkObjects: 2.580200 ms  DeleteObjects: 0.140700 ms)

========================================================================
Received Import Request.
  path: Assets/ArtAssets/Prefabs/Floor.prefab
  artifactKey: Guid(22f93b363a496e741add58c6b251654a) Importer(815301076,1909f56bfc062723c751e8b465ee728b)
Start importing Assets/ArtAssets/Prefabs/Floor.prefab using Guid(22f93b363a496e741add58c6b251654a) Importer(815301076,1909f56bfc062723c751e8b465ee728b)  -> (artifact id: '4eb7937067a13331848f8b3f79538565') in 0.251653 seconds
  Import took 0.256480 seconds .

========================================================================
Received Import Request.
  Time since last request: 49.299014 seconds.
  path: Assets/ArtAssets/Prefabs/floor 1.prefab
  artifactKey: Guid(71a04b1c1deb788488736c5fc0076e54) Importer(815301076,1909f56bfc062723c751e8b465ee728b)
Start importing Assets/ArtAssets/Prefabs/floor 1.prefab using Guid(71a04b1c1deb788488736c5fc0076e54) Importer(815301076,1909f56bfc062723c751e8b465ee728b)  -> (artifact id: '9904522ee431b677c457bac059006d60') in 0.034640 seconds
  Import took 0.039834 seconds .

========================================================================
Received Import Request.
  Time since last request: 44.396834 seconds.
  path: Assets/ArtAssets/Prefabs/mainChar.prefab
  artifactKey: Guid(05a45dc887ae54a4d8f7850981c33573) Importer(815301076,1909f56bfc062723c751e8b465ee728b)
Start importing Assets/ArtAssets/Prefabs/mainChar.prefab using Guid(05a45dc887ae54a4d8f7850981c33573) Importer(815301076,1909f56bfc062723c751e8b465ee728b)  -> (artifact id: '0b0efd70479f3127b0609b210306033a') in 0.062121 seconds
  Import took 0.070706 seconds .

========================================================================
Received Import Request.
  Time since last request: 5.131930 seconds.
  path: Assets/ArtAssets/Prefabs/floor.prefab
  artifactKey: Guid(22f93b363a496e741add58c6b251654a) Importer(815301076,1909f56bfc062723c751e8b465ee728b)
Start importing Assets/ArtAssets/Prefabs/floor.prefab using Guid(22f93b363a496e741add58c6b251654a) Importer(815301076,1909f56bfc062723c751e8b465ee728b)  -> (artifact id: '9a2ea5e66a1b40cc401184ea6f00bb2e') in 0.047888 seconds
  Import took 0.055192 seconds .

