Using pre-set license
Built from '2020.3/staging' branch; Version is '2020.3.11f1 (99c7afb366b3) revision 10078127'; Using compiler version '192528614'; Build Type 'Release'
OS: 'Windows 10 Pro; OS build 19042.985; Version 2009; 64bit' Language: 'en' Physical Memory: 16300 MB
BatchMode: 1, IsHumanControllingUs: 0, StartBugReporterOnCrash: 0, Is64bit: 1, IsPro: 0

 COMMAND LINE ARGUMENTS:
D:\Unity\2020.3.11f1\Editor\Unity.exe
-adb2
-batchMode
-noUpm
-name
AssetImportWorker0
-projectPath
D:/Unity/projects/GameJam-Sandwich
-logFile
Logs/AssetImportWorker0.log
-srvPort
54133
Successfully changed project path to: D:/Unity/projects/GameJam-Sandwich
D:/Unity/projects/GameJam-Sandwich
Using Asset Import Pipeline V2.
Refreshing native plugins compatible for Editor in 34.43 ms, found 2 plugins.
Preloading 0 native plugins for Editor in 0.00 ms.
Initialize engine version: 2020.3.11f1 (99c7afb366b3)
[Subsystems] Discovering subsystems at path D:/Unity/2020.3.11f1/Editor/Data/Resources/UnitySubsystems
[Subsystems] Discovering subsystems at path D:/Unity/projects/GameJam-Sandwich/Assets
GfxDevice: creating device client; threaded=0
Direct3D:
    Version:  Direct3D 11.0 [level 11.1]
    Renderer: NVIDIA GeForce RTX 3080 (ID=0x2206)
    Vendor:   
    VRAM:     10078 MB
    Driver:   27.21.14.6647
Initialize mono
Mono path[0] = 'D:/Unity/2020.3.11f1/Editor/Data/Managed'
Mono path[1] = 'D:/Unity/2020.3.11f1/Editor/Data/MonoBleedingEdge/lib/mono/unityjit'
Mono config path = 'D:/Unity/2020.3.11f1/Editor/Data/MonoBleedingEdge/etc'
Using monoOptions --debugger-agent=transport=dt_socket,embedding=1,server=y,suspend=n,address=127.0.0.1:56028
Begin MonoManager ReloadAssembly
Registering precompiled unity dll's ...
Register platform support module: D:/Unity/2020.3.11f1/Editor/Data/PlaybackEngines/WebGLSupport/UnityEditor.WebGL.Extensions.dll
Register platform support module: D:/Unity/2020.3.11f1/Editor/Data/PlaybackEngines/MacStandaloneSupport/UnityEditor.OSXStandalone.Extensions.dll
Register platform support module: D:/Unity/2020.3.11f1/Editor/Data/PlaybackEngines/WindowsStandaloneSupport/UnityEditor.WindowsStandalone.Extensions.dll
Register platform support module: D:/Unity/2020.3.11f1/Editor/Data/PlaybackEngines/LinuxStandaloneSupport/UnityEditor.LinuxStandalone.Extensions.dll
Registered in 0.001846 seconds.
Native extension for LinuxStandalone target not found
Native extension for WindowsStandalone target not found
Native extension for OSXStandalone target not found
Native extension for WebGL target not found
Refreshing native plugins compatible for Editor in 42.42 ms, found 2 plugins.
Preloading 0 native plugins for Editor in 0.00 ms.
Mono: successfully reloaded assembly
- Completed reload, in  3.040 seconds
Platform modules already initialized, skipping
Registering precompiled user dll's ...
Registered in 0.003201 seconds.
Begin MonoManager ReloadAssembly
Native extension for LinuxStandalone target not found
Native extension for WindowsStandalone target not found
Native extension for OSXStandalone target not found
Native extension for WebGL target not found
Refreshing native plugins compatible for Editor in 0.30 ms, found 2 plugins.
Preloading 0 native plugins for Editor in 0.00 ms.
Mono: successfully reloaded assembly
- Completed reload, in  1.022 seconds
Platform modules already initialized, skipping
========================================================================
Worker process is ready to serve import requests
Launched and connected shader compiler UnityShaderCompiler.exe after 0.19 seconds
Refreshing native plugins compatible for Editor in 2.46 ms, found 2 plugins.
Preloading 0 native plugins for Editor in 0.00 ms.
Unloading 1387 Unused Serialized files (Serialized files now loaded: 0)
System memory in use before: 65.7 MB.
System memory in use after: 65.8 MB.

Unloading 18 unused Assets to reduce memory usage. Loaded Objects now: 1821.
Total: 3.751200 ms (FindLiveObjects: 1.291100 ms CreateObjectMapping: 0.050900 ms MarkObjects: 2.348300 ms  DeleteObjects: 0.059500 ms)

========================================================================
Received Import Request.
  path: Assets/CharacterControls.cs
  artifactKey: Guid(70ba6369b64f6d649859d2924ef6f4b1) Importer(815301076,1909f56bfc062723c751e8b465ee728b)
Start importing Assets/CharacterControls.cs using Guid(70ba6369b64f6d649859d2924ef6f4b1) Importer(815301076,1909f56bfc062723c751e8b465ee728b)  -> (artifact id: '7aa6891ed38329a510ae5c620de986f4') in 0.129942 seconds
  Import took 0.133190 seconds .

========================================================================
Received Import Request.
  Time since last request: 129.782498 seconds.
  path: Assets/CharacterControls.cs
  artifactKey: Guid(70ba6369b64f6d649859d2924ef6f4b1) Importer(815301076,1909f56bfc062723c751e8b465ee728b)
Start importing Assets/CharacterControls.cs using Guid(70ba6369b64f6d649859d2924ef6f4b1) Importer(815301076,1909f56bfc062723c751e8b465ee728b)  -> (artifact id: '0b27aa8d27aa963c8e5bf25410c78d80') in 0.004351 seconds
  Import took 0.009062 seconds .

========================================================================
Received Import Request.
  Time since last request: 0.000256 seconds.
  path: Assets/CharacterControls.cs
  artifactKey: Guid(70ba6369b64f6d649859d2924ef6f4b1) Importer(815301076,1909f56bfc062723c751e8b465ee728b)
Start importing Assets/CharacterControls.cs using Guid(70ba6369b64f6d649859d2924ef6f4b1) Importer(815301076,1909f56bfc062723c751e8b465ee728b)  -> (artifact id: '0b27aa8d27aa963c8e5bf25410c78d80') in 0.002293 seconds
  Import took 0.004870 seconds .

========================================================================
Received Prepare
Registering precompiled user dll's ...
Registered in 0.003488 seconds.
Begin MonoManager ReloadAssembly
Native extension for LinuxStandalone target not found
Native extension for WindowsStandalone target not found
Native extension for OSXStandalone target not found
Native extension for WebGL target not found
Refreshing native plugins compatible for Editor in 0.29 ms, found 2 plugins.
Preloading 0 native plugins for Editor in 0.00 ms.
Mono: successfully reloaded assembly
- Completed reload, in  0.840 seconds
Platform modules already initialized, skipping
Refreshing native plugins compatible for Editor in 0.31 ms, found 2 plugins.
Preloading 0 native plugins for Editor in 0.00 ms.
Unloading 1381 Unused Serialized files (Serialized files now loaded: 0)
System memory in use before: 65.5 MB.
System memory in use after: 65.6 MB.

Unloading 13 unused Assets to reduce memory usage. Loaded Objects now: 1824.
Total: 1.717400 ms (FindLiveObjects: 0.110100 ms CreateObjectMapping: 0.034200 ms MarkObjects: 1.556400 ms  DeleteObjects: 0.015900 ms)

========================================================================
Received Import Request.
  Time since last request: 15.108038 seconds.
  path: ProjectSettings/TagManager.asset
  artifactKey: Guid(00000000000000003000000000000000) Importer(815301076,1909f56bfc062723c751e8b465ee728b)
Start importing ProjectSettings/TagManager.asset using Guid(00000000000000003000000000000000) Importer(815301076,1909f56bfc062723c751e8b465ee728b)  -> (artifact id: '95df672b4aaba54310d34c83eef51bb8') in 0.016320 seconds
  Import took 0.018462 seconds .

========================================================================
Received Prepare
Registering precompiled user dll's ...
Registered in 0.003659 seconds.
Begin MonoManager ReloadAssembly
Native extension for LinuxStandalone target not found
Native extension for WindowsStandalone target not found
Native extension for OSXStandalone target not found
Native extension for WebGL target not found
Refreshing native plugins compatible for Editor in 0.30 ms, found 2 plugins.
Preloading 0 native plugins for Editor in 0.00 ms.
Mono: successfully reloaded assembly
- Completed reload, in  0.835 seconds
Platform modules already initialized, skipping
Refreshing native plugins compatible for Editor in 0.30 ms, found 2 plugins.
Preloading 0 native plugins for Editor in 0.00 ms.
Unloading 1381 Unused Serialized files (Serialized files now loaded: 0)
System memory in use before: 65.6 MB.
System memory in use after: 65.7 MB.

Unloading 14 unused Assets to reduce memory usage. Loaded Objects now: 1827.
Total: 1.530900 ms (FindLiveObjects: 0.103900 ms CreateObjectMapping: 0.032000 ms MarkObjects: 1.380700 ms  DeleteObjects: 0.013600 ms)

========================================================================
Received Prepare
Registering precompiled user dll's ...
Registered in 0.003318 seconds.
Begin MonoManager ReloadAssembly
Native extension for LinuxStandalone target not found
Native extension for WindowsStandalone target not found
Native extension for OSXStandalone target not found
Native extension for WebGL target not found
Refreshing native plugins compatible for Editor in 0.30 ms, found 2 plugins.
Preloading 0 native plugins for Editor in 0.00 ms.
Mono: successfully reloaded assembly
- Completed reload, in  0.817 seconds
Platform modules already initialized, skipping
Refreshing native plugins compatible for Editor in 0.30 ms, found 2 plugins.
Preloading 0 native plugins for Editor in 0.00 ms.
Unloading 1381 Unused Serialized files (Serialized files now loaded: 0)
System memory in use before: 65.6 MB.
System memory in use after: 65.7 MB.

Unloading 13 unused Assets to reduce memory usage. Loaded Objects now: 1830.
Total: 1.503100 ms (FindLiveObjects: 0.114200 ms CreateObjectMapping: 0.037200 ms MarkObjects: 1.336800 ms  DeleteObjects: 0.014100 ms)

========================================================================
Received Prepare
Registering precompiled user dll's ...
Registered in 0.003682 seconds.
Begin MonoManager ReloadAssembly
Native extension for LinuxStandalone target not found
Native extension for WindowsStandalone target not found
Native extension for OSXStandalone target not found
Native extension for WebGL target not found
Refreshing native plugins compatible for Editor in 0.30 ms, found 2 plugins.
Preloading 0 native plugins for Editor in 0.00 ms.
Mono: successfully reloaded assembly
- Completed reload, in  0.857 seconds
Platform modules already initialized, skipping
Refreshing native plugins compatible for Editor in 0.30 ms, found 2 plugins.
Preloading 0 native plugins for Editor in 0.00 ms.
Unloading 1381 Unused Serialized files (Serialized files now loaded: 0)
System memory in use before: 65.6 MB.
System memory in use after: 65.7 MB.

Unloading 13 unused Assets to reduce memory usage. Loaded Objects now: 1833.
Total: 1.424100 ms (FindLiveObjects: 0.101100 ms CreateObjectMapping: 0.031200 ms MarkObjects: 1.278700 ms  DeleteObjects: 0.011900 ms)

========================================================================
Received Prepare
Registering precompiled user dll's ...
Registered in 0.004271 seconds.
Begin MonoManager ReloadAssembly
Native extension for LinuxStandalone target not found
Native extension for WindowsStandalone target not found
Native extension for OSXStandalone target not found
Native extension for WebGL target not found
Refreshing native plugins compatible for Editor in 0.40 ms, found 2 plugins.
Preloading 0 native plugins for Editor in 0.00 ms.
Mono: successfully reloaded assembly
- Completed reload, in  0.952 seconds
Platform modules already initialized, skipping
Refreshing native plugins compatible for Editor in 0.30 ms, found 2 plugins.
Preloading 0 native plugins for Editor in 0.00 ms.
Unloading 1381 Unused Serialized files (Serialized files now loaded: 0)
System memory in use before: 65.6 MB.
System memory in use after: 65.7 MB.

Unloading 13 unused Assets to reduce memory usage. Loaded Objects now: 1836.
Total: 1.573100 ms (FindLiveObjects: 0.126100 ms CreateObjectMapping: 0.037700 ms MarkObjects: 1.394700 ms  DeleteObjects: 0.013700 ms)

========================================================================
Received Prepare
Registering precompiled user dll's ...
Registered in 0.003361 seconds.
Begin MonoManager ReloadAssembly
Native extension for LinuxStandalone target not found
Native extension for WindowsStandalone target not found
Native extension for OSXStandalone target not found
Native extension for WebGL target not found
Refreshing native plugins compatible for Editor in 0.31 ms, found 2 plugins.
Preloading 0 native plugins for Editor in 0.00 ms.
Mono: successfully reloaded assembly
- Completed reload, in  0.850 seconds
Platform modules already initialized, skipping
Refreshing native plugins compatible for Editor in 0.29 ms, found 2 plugins.
Preloading 0 native plugins for Editor in 0.00 ms.
Unloading 1381 Unused Serialized files (Serialized files now loaded: 0)
System memory in use before: 65.6 MB.
System memory in use after: 65.7 MB.

Unloading 13 unused Assets to reduce memory usage. Loaded Objects now: 1839.
Total: 1.664700 ms (FindLiveObjects: 0.122100 ms CreateObjectMapping: 0.033700 ms MarkObjects: 1.492500 ms  DeleteObjects: 0.015600 ms)

========================================================================
Received Prepare
Registering precompiled user dll's ...
Registered in 0.003357 seconds.
Begin MonoManager ReloadAssembly
Native extension for LinuxStandalone target not found
Native extension for WindowsStandalone target not found
Native extension for OSXStandalone target not found
Native extension for WebGL target not found
Refreshing native plugins compatible for Editor in 0.31 ms, found 2 plugins.
Preloading 0 native plugins for Editor in 0.00 ms.
Mono: successfully reloaded assembly
- Completed reload, in  0.843 seconds
Platform modules already initialized, skipping
Refreshing native plugins compatible for Editor in 0.30 ms, found 2 plugins.
Preloading 0 native plugins for Editor in 0.00 ms.
Unloading 1381 Unused Serialized files (Serialized files now loaded: 0)
System memory in use before: 65.6 MB.
System memory in use after: 65.7 MB.

Unloading 13 unused Assets to reduce memory usage. Loaded Objects now: 1842.
Total: 1.611900 ms (FindLiveObjects: 0.109400 ms CreateObjectMapping: 0.033600 ms MarkObjects: 1.451100 ms  DeleteObjects: 0.016500 ms)

========================================================================
Received Prepare
Registering precompiled user dll's ...
Registered in 0.004118 seconds.
Begin MonoManager ReloadAssembly
Native extension for LinuxStandalone target not found
Native extension for WindowsStandalone target not found
Native extension for OSXStandalone target not found
Native extension for WebGL target not found
Refreshing native plugins compatible for Editor in 0.31 ms, found 2 plugins.
Preloading 0 native plugins for Editor in 0.00 ms.
Mono: successfully reloaded assembly
- Completed reload, in  0.806 seconds
Platform modules already initialized, skipping
Refreshing native plugins compatible for Editor in 0.36 ms, found 2 plugins.
Preloading 0 native plugins for Editor in 0.00 ms.
Unloading 1381 Unused Serialized files (Serialized files now loaded: 0)
System memory in use before: 65.6 MB.
System memory in use after: 65.7 MB.

Unloading 13 unused Assets to reduce memory usage. Loaded Objects now: 1845.
Total: 1.967500 ms (FindLiveObjects: 0.121100 ms CreateObjectMapping: 0.035200 ms MarkObjects: 1.795200 ms  DeleteObjects: 0.014900 ms)

========================================================================
Received Prepare
Registering precompiled user dll's ...
Registered in 0.003207 seconds.
Begin MonoManager ReloadAssembly
Native extension for LinuxStandalone target not found
Native extension for WindowsStandalone target not found
Native extension for OSXStandalone target not found
Native extension for WebGL target not found
Refreshing native plugins compatible for Editor in 0.31 ms, found 2 plugins.
Preloading 0 native plugins for Editor in 0.00 ms.
Mono: successfully reloaded assembly
- Completed reload, in  0.841 seconds
Platform modules already initialized, skipping
Refreshing native plugins compatible for Editor in 0.33 ms, found 2 plugins.
Preloading 0 native plugins for Editor in 0.00 ms.
Unloading 1381 Unused Serialized files (Serialized files now loaded: 0)
System memory in use before: 65.6 MB.
System memory in use after: 65.7 MB.

Unloading 13 unused Assets to reduce memory usage. Loaded Objects now: 1848.
Total: 1.539300 ms (FindLiveObjects: 0.110200 ms CreateObjectMapping: 0.033200 ms MarkObjects: 1.382500 ms  DeleteObjects: 0.012800 ms)

========================================================================
Received Prepare
Registering precompiled user dll's ...
Registered in 0.003101 seconds.
Begin MonoManager ReloadAssembly
Native extension for LinuxStandalone target not found
Native extension for WindowsStandalone target not found
Native extension for OSXStandalone target not found
Native extension for WebGL target not found
Refreshing native plugins compatible for Editor in 0.34 ms, found 2 plugins.
Preloading 0 native plugins for Editor in 0.00 ms.
Mono: successfully reloaded assembly
- Completed reload, in  0.832 seconds
Platform modules already initialized, skipping
Refreshing native plugins compatible for Editor in 0.43 ms, found 2 plugins.
Preloading 0 native plugins for Editor in 0.00 ms.
Unloading 1381 Unused Serialized files (Serialized files now loaded: 0)
System memory in use before: 65.6 MB.
System memory in use after: 65.7 MB.

Unloading 13 unused Assets to reduce memory usage. Loaded Objects now: 1851.
Total: 1.570400 ms (FindLiveObjects: 0.111000 ms CreateObjectMapping: 0.031900 ms MarkObjects: 1.410500 ms  DeleteObjects: 0.016000 ms)

========================================================================
Received Prepare
Registering precompiled user dll's ...
Registered in 0.003224 seconds.
Begin MonoManager ReloadAssembly
Native extension for LinuxStandalone target not found
Native extension for WindowsStandalone target not found
Native extension for OSXStandalone target not found
Native extension for WebGL target not found
Refreshing native plugins compatible for Editor in 0.30 ms, found 2 plugins.
Preloading 0 native plugins for Editor in 0.00 ms.
Mono: successfully reloaded assembly
- Completed reload, in  0.821 seconds
Platform modules already initialized, skipping
Refreshing native plugins compatible for Editor in 0.31 ms, found 2 plugins.
Preloading 0 native plugins for Editor in 0.00 ms.
Unloading 1381 Unused Serialized files (Serialized files now loaded: 0)
System memory in use before: 65.6 MB.
System memory in use after: 65.8 MB.

Unloading 13 unused Assets to reduce memory usage. Loaded Objects now: 1854.
Total: 1.485700 ms (FindLiveObjects: 0.108000 ms CreateObjectMapping: 0.032700 ms MarkObjects: 1.330600 ms  DeleteObjects: 0.013500 ms)

========================================================================
Received Prepare
Registering precompiled user dll's ...
Registered in 0.003037 seconds.
Begin MonoManager ReloadAssembly
Native extension for LinuxStandalone target not found
Native extension for WindowsStandalone target not found
Native extension for OSXStandalone target not found
Native extension for WebGL target not found
Refreshing native plugins compatible for Editor in 0.32 ms, found 2 plugins.
Preloading 0 native plugins for Editor in 0.00 ms.
Mono: successfully reloaded assembly
- Completed reload, in  0.803 seconds
Platform modules already initialized, skipping
Refreshing native plugins compatible for Editor in 0.30 ms, found 2 plugins.
Preloading 0 native plugins for Editor in 0.00 ms.
Unloading 1381 Unused Serialized files (Serialized files now loaded: 0)
System memory in use before: 65.7 MB.
System memory in use after: 65.8 MB.

Unloading 13 unused Assets to reduce memory usage. Loaded Objects now: 1857.
Total: 1.615500 ms (FindLiveObjects: 0.119200 ms CreateObjectMapping: 0.036900 ms MarkObjects: 1.445100 ms  DeleteObjects: 0.013500 ms)

========================================================================
Received Prepare
Registering precompiled user dll's ...
Registered in 0.003514 seconds.
Begin MonoManager ReloadAssembly
Native extension for LinuxStandalone target not found
Native extension for WindowsStandalone target not found
Native extension for OSXStandalone target not found
Native extension for WebGL target not found
Refreshing native plugins compatible for Editor in 0.32 ms, found 2 plugins.
Preloading 0 native plugins for Editor in 0.00 ms.
Mono: successfully reloaded assembly
- Completed reload, in  0.937 seconds
Platform modules already initialized, skipping
Refreshing native plugins compatible for Editor in 0.31 ms, found 2 plugins.
Preloading 0 native plugins for Editor in 0.00 ms.
Unloading 1381 Unused Serialized files (Serialized files now loaded: 0)
System memory in use before: 65.7 MB.
System memory in use after: 65.8 MB.

Unloading 13 unused Assets to reduce memory usage. Loaded Objects now: 1860.
Total: 1.517000 ms (FindLiveObjects: 0.110900 ms CreateObjectMapping: 0.033600 ms MarkObjects: 1.356100 ms  DeleteObjects: 0.015400 ms)

========================================================================
Received Prepare
Registering precompiled user dll's ...
Registered in 0.004143 seconds.
Begin MonoManager ReloadAssembly
Native extension for LinuxStandalone target not found
Native extension for WindowsStandalone target not found
Native extension for OSXStandalone target not found
Native extension for WebGL target not found
Refreshing native plugins compatible for Editor in 0.40 ms, found 2 plugins.
Preloading 0 native plugins for Editor in 0.00 ms.
Mono: successfully reloaded assembly
- Completed reload, in  0.945 seconds
Platform modules already initialized, skipping
Refreshing native plugins compatible for Editor in 0.37 ms, found 2 plugins.
Preloading 0 native plugins for Editor in 0.00 ms.
Unloading 1381 Unused Serialized files (Serialized files now loaded: 0)
System memory in use before: 65.7 MB.
System memory in use after: 65.8 MB.

Unloading 13 unused Assets to reduce memory usage. Loaded Objects now: 1863.
Total: 1.818500 ms (FindLiveObjects: 0.134700 ms CreateObjectMapping: 0.040900 ms MarkObjects: 1.627200 ms  DeleteObjects: 0.014700 ms)

========================================================================
Received Import Request.
  Time since last request: 1199.244887 seconds.
  path: Assets/ArtAssets/Prefabs/mainChar.prefab
  artifactKey: Guid(05a45dc887ae54a4d8f7850981c33573) Importer(815301076,1909f56bfc062723c751e8b465ee728b)
Start importing Assets/ArtAssets/Prefabs/mainChar.prefab using Guid(05a45dc887ae54a4d8f7850981c33573) Importer(815301076,1909f56bfc062723c751e8b465ee728b)  -> (artifact id: 'ac1087ce064ab34ccbe8f3764cb5939b') in 0.075931 seconds
  Import took 0.078070 seconds .

========================================================================
Received Prepare
Registering precompiled user dll's ...
Registered in 0.003192 seconds.
Begin MonoManager ReloadAssembly
Native extension for LinuxStandalone target not found
Native extension for WindowsStandalone target not found
Native extension for OSXStandalone target not found
Native extension for WebGL target not found
Refreshing native plugins compatible for Editor in 0.30 ms, found 2 plugins.
Preloading 0 native plugins for Editor in 0.00 ms.
Mono: successfully reloaded assembly
- Completed reload, in  0.828 seconds
Platform modules already initialized, skipping
Refreshing native plugins compatible for Editor in 0.30 ms, found 2 plugins.
Preloading 0 native plugins for Editor in 0.00 ms.
Unloading 1381 Unused Serialized files (Serialized files now loaded: 0)
System memory in use before: 68.8 MB.
System memory in use after: 68.9 MB.

Unloading 14 unused Assets to reduce memory usage. Loaded Objects now: 1874.
Total: 1.552900 ms (FindLiveObjects: 0.117300 ms CreateObjectMapping: 0.036900 ms MarkObjects: 1.381500 ms  DeleteObjects: 0.016500 ms)

========================================================================
Received Prepare
Registering precompiled user dll's ...
Registered in 0.003311 seconds.
Begin MonoManager ReloadAssembly
Native extension for LinuxStandalone target not found
Native extension for WindowsStandalone target not found
Native extension for OSXStandalone target not found
Native extension for WebGL target not found
Refreshing native plugins compatible for Editor in 0.31 ms, found 2 plugins.
Preloading 0 native plugins for Editor in 0.00 ms.
Mono: successfully reloaded assembly
- Completed reload, in  0.822 seconds
Platform modules already initialized, skipping
Refreshing native plugins compatible for Editor in 0.34 ms, found 2 plugins.
Preloading 0 native plugins for Editor in 0.00 ms.
Unloading 1381 Unused Serialized files (Serialized files now loaded: 0)
System memory in use before: 68.8 MB.
System memory in use after: 68.9 MB.

Unloading 13 unused Assets to reduce memory usage. Loaded Objects now: 1877.
Total: 1.786700 ms (FindLiveObjects: 0.113300 ms CreateObjectMapping: 0.032000 ms MarkObjects: 1.625400 ms  DeleteObjects: 0.015100 ms)

AssetImportWorkerClient::OnTransportError - code=2 error=End of file
